#
# There is insufficient memory for the Java Runtime Environment to continue.
# Native memory allocation (malloc) failed to allocate 839536 bytes for Chunk::new
# Possible reasons:
#   The system is out of physical RAM or swap space
#   The process is running with CompressedOops enabled, and the Java Heap may be blocking the growth of the native heap
# Possible solutions:
#   Reduce memory load on the system
#   Increase physical memory or swap space
#   Check if swap backing store is full
#   Decrease Java heap size (-Xmx/-Xms)
#   Decrease number of Java threads
#   Decrease Java thread stack sizes (-Xss)
#   Set larger code cache with -XX:ReservedCodeCacheSize=
#   JVM is running with Unscaled Compressed Oops mode in which the Java heap is
#     placed in the first 4GB address space. The Java Heap base address is the
#     maximum limit for the native heap growth. Please use -XX:HeapBaseMinAddress
#     to set the Java Heap base and to place the Java Heap above 4GB virtual address.
# This output file may be truncated or incomplete.
#
#  Out of Memory Error (allocation.cpp:389), pid=3424, tid=0x00000000000022b4
#
# JRE version: Java(TM) SE Runtime Environment (8.0_271-b09) (build 1.8.0_271-b09)
# Java VM: Java HotSpot(TM) 64-Bit Server VM (25.271-b09 mixed mode windows-amd64 compressed oops)
# Failed to write core dump. Minidumps are not enabled by default on client versions of Windows
#

---------------  T H R E A D  ---------------

Current thread (0x0000016256e56800):  JavaThread "C2 CompilerThread1" daemon [_thread_in_native, id=8884, stack(0x00000053ef000000,0x00000053ef100000)]

Stack: [0x00000053ef000000,0x00000053ef100000]
Native frames: (J=compiled Java code, j=interpreted, Vv=VM code, C=native code)
V  [jvm.dll+0x33f6c9]


Current CompileTask:
C2:   7218 3055   !   4       java.util.jar.Attributes::read (380 bytes)


---------------  P R O C E S S  ---------------

Java Threads: ( => current thread )
  0x00000162596c9000 JavaThread "ForkJoinPool.commonPool-worker-6" daemon [_thread_blocked, id=1604, stack(0x00000053efe00000,0x00000053eff00000)]
  0x00000162596c4800 JavaThread "ForkJoinPool.commonPool-worker-5" daemon [_thread_blocked, id=2140, stack(0x00000053efd00000,0x00000053efe00000)]
  0x00000162596c7800 JavaThread "ForkJoinPool.commonPool-worker-4" daemon [_thread_blocked, id=15260, stack(0x00000053efc00000,0x00000053efd00000)]
  0x00000162596c4000 JavaThread "ForkJoinPool.commonPool-worker-3" daemon [_thread_blocked, id=6984, stack(0x00000053efb00000,0x00000053efc00000)]
  0x00000162596c5800 JavaThread "ForkJoinPool.commonPool-worker-2" daemon [_thread_blocked, id=10704, stack(0x00000053efa00000,0x00000053efb00000)]
  0x00000162596c8800 JavaThread "ForkJoinPool.commonPool-worker-1" daemon [_thread_blocked, id=16320, stack(0x00000053ef900000,0x00000053efa00000)]
  0x0000016259e7f800 JavaThread "/127.0.0.1:63732 to /127.0.0.1:63731 workers Thread 3" [_thread_in_native, id=7932, stack(0x00000053ef800000,0x00000053ef900000)]
  0x000001625a960800 JavaThread "/127.0.0.1:63732 to /127.0.0.1:63731 workers Thread 2" [_thread_blocked, id=13308, stack(0x00000053ef700000,0x00000053ef800000)]
  0x000001625a748000 JavaThread "Test worker" [_thread_in_vm, id=12316, stack(0x00000053ef600000,0x00000053ef700000)]
  0x0000016258e2d800 JavaThread "Service Thread" daemon [_thread_blocked, id=9536, stack(0x00000053ef300000,0x00000053ef400000)]
  0x0000016258da0800 JavaThread "C1 CompilerThread3" daemon [_thread_blocked, id=14836, stack(0x00000053ef200000,0x00000053ef300000)]
  0x0000016258d94800 JavaThread "C2 CompilerThread2" daemon [_thread_in_native, id=10780, stack(0x00000053ef100000,0x00000053ef200000)]
=>0x0000016256e56800 JavaThread "C2 CompilerThread1" daemon [_thread_in_native, id=8884, stack(0x00000053ef000000,0x00000053ef100000)]
  0x0000016256e53800 JavaThread "C2 CompilerThread0" daemon [_thread_in_native, id=7560, stack(0x00000053eef00000,0x00000053ef000000)]
  0x0000016256e52000 JavaThread "Attach Listener" daemon [_thread_blocked, id=15928, stack(0x00000053eee00000,0x00000053eef00000)]
  0x0000016256e51000 JavaThread "Signal Dispatcher" daemon [_thread_blocked, id=13248, stack(0x00000053eed00000,0x00000053eee00000)]
  0x0000016256dbb000 JavaThread "Finalizer" daemon [_thread_blocked, id=10552, stack(0x00000053eec00000,0x00000053eed00000)]
  0x0000016256db3800 JavaThread "Reference Handler" daemon [_thread_blocked, id=10256, stack(0x00000053eeb00000,0x00000053eec00000)]
  0x00000162443bf000 JavaThread "main" [_thread_blocked, id=16284, stack(0x00000053ee100000,0x00000053ee200000)]

Other Threads:
  0x0000016256d8a000 VMThread [stack: 0x00000053eea00000,0x00000053eeb00000] [id=9136]
  0x0000016258e6c800 WatcherThread [stack: 0x00000053ef400000,0x00000053ef500000] [id=2668]

VM state:not at safepoint (normal execution)

VM Mutex/Monitor currently owned by a thread: None

heap address: 0x00000000e0000000, size: 512 MB, Compressed Oops mode: 32-bit
Narrow klass base: 0x0000000000000000, Narrow klass shift: 3
Compressed class space size: 1073741824 Address: 0x0000000100000000

Heap:
 PSYoungGen      total 109568K, used 9606K [0x00000000f5580000, 0x0000000100000000, 0x0000000100000000)
  eden space 99840K, 9% used [0x00000000f5580000,0x00000000f5ee1ac0,0x00000000fb700000)
  from space 9728K, 0% used [0x00000000fb700000,0x00000000fb700000,0x00000000fc080000)
  to   space 10240K, 0% used [0x00000000ff600000,0x00000000ff600000,0x0000000100000000)
 ParOldGen       total 80896K, used 9857K [0x00000000e0000000, 0x00000000e4f00000, 0x00000000f5580000)
  object space 80896K, 12% used [0x00000000e0000000,0x00000000e09a0780,0x00000000e4f00000)
 Metaspace       used 34140K, capacity 35404K, committed 35544K, reserved 1079296K
  class space    used 4484K, capacity 4792K, committed 4864K, reserved 1048576K

Card table byte_map: [0x00000162550a0000,0x00000162551b0000] byte_map_base: 0x00000162549a0000

Marking Bits: (ParMarkBitMap*) 0x000000006e287fe0
 Begin Bits: [0x0000016255260000, 0x0000016255a60000)
 End Bits:   [0x0000016255a60000, 0x0000016256260000)

Polling page: 0x00000162444d0000

CodeCache: size=245760Kb used=9897Kb max_used=9899Kb free=235862Kb
 bounds [0x0000016245ce0000, 0x00000162466a0000, 0x0000016254ce0000]
 total_blobs=3553 nmethods=3106 adapters=357
 compilation: enabled

Compilation events (10 events):
Event: 7.121 Thread 0x0000016258da0800 3106   !   3       java.net.URL::<init> (543 bytes)
Event: 7.129 Thread 0x0000016258da0800 nmethod 3106 0x000001624667d410 code [0x000001624667d8e0, 0x0000016246680b20]
Event: 7.162 Thread 0x0000016258da0800 3107       3       java.net.URLClassLoader$1::run (5 bytes)
Event: 7.162 Thread 0x0000016258da0800 nmethod 3107 0x000001624665ac90 code [0x000001624665ae00, 0x000001624665af90]
Event: 7.162 Thread 0x0000016258da0800 3108   !   3       java.net.URLClassLoader$1::run (63 bytes)
Event: 7.163 Thread 0x0000016258da0800 nmethod 3108 0x000001624666a210 code [0x000001624666a3e0, 0x000001624666a8f0]
Event: 7.175 Thread 0x0000016258da0800 3109       3       java.security.CodeSource::getCertificates (98 bytes)
Event: 7.176 Thread 0x0000016258da0800 nmethod 3109 0x0000016246668d10 code [0x0000016246668f20, 0x0000016246669c10]
Event: 7.178 Thread 0x0000016258da0800 3110       3       java.security.CodeSource::matchCerts (254 bytes)
Event: 7.180 Thread 0x0000016258da0800 nmethod 3110 0x0000016246683110 code [0x0000016246683320, 0x0000016246683e80]

GC Heap History (10 events):
Event: 3.625 GC heap before
{Heap before GC invocations=5 (full 1):
 PSYoungGen      total 71680K, used 5114K [0x00000000f5580000, 0x00000000fa080000, 0x0000000100000000)
  eden space 66560K, 0% used [0x00000000f5580000,0x00000000f5580000,0x00000000f9680000)
  from space 5120K, 99% used [0x00000000f9b80000,0x00000000fa07eb50,0x00000000fa080000)
  to   space 5120K, 0% used [0x00000000f9680000,0x00000000f9680000,0x00000000f9b80000)
 ParOldGen       total 87552K, used 6364K [0x00000000e0000000, 0x00000000e5580000, 0x00000000f5580000)
  object space 87552K, 7% used [0x00000000e0000000,0x00000000e0637168,0x00000000e5580000)
 Metaspace       used 20477K, capacity 21090K, committed 21248K, reserved 1067008K
  class space    used 2538K, capacity 2713K, committed 2816K, reserved 1048576K
Event: 3.667 GC heap after
Heap after GC invocations=5 (full 1):
 PSYoungGen      total 71680K, used 0K [0x00000000f5580000, 0x00000000fa080000, 0x0000000100000000)
  eden space 66560K, 0% used [0x00000000f5580000,0x00000000f5580000,0x00000000f9680000)
  from space 5120K, 0% used [0x00000000f9b80000,0x00000000f9b80000,0x00000000fa080000)
  to   space 5120K, 0% used [0x00000000f9680000,0x00000000f9680000,0x00000000f9b80000)
 ParOldGen       total 57344K, used 6797K [0x00000000e0000000, 0x00000000e3800000, 0x00000000f5580000)
  object space 57344K, 11% used [0x00000000e0000000,0x00000000e06a3790,0x00000000e3800000)
 Metaspace       used 20477K, capacity 21090K, committed 21248K, reserved 1067008K
  class space    used 2538K, capacity 2713K, committed 2816K, reserved 1048576K
}
Event: 5.076 GC heap before
{Heap before GC invocations=6 (full 1):
 PSYoungGen      total 71680K, used 66560K [0x00000000f5580000, 0x00000000fa080000, 0x0000000100000000)
  eden space 66560K, 100% used [0x00000000f5580000,0x00000000f9680000,0x00000000f9680000)
  from space 5120K, 0% used [0x00000000f9b80000,0x00000000f9b80000,0x00000000fa080000)
  to   space 5120K, 0% used [0x00000000f9680000,0x00000000f9680000,0x00000000f9b80000)
 ParOldGen       total 57344K, used 6797K [0x00000000e0000000, 0x00000000e3800000, 0x00000000f5580000)
  object space 57344K, 11% used [0x00000000e0000000,0x00000000e06a3790,0x00000000e3800000)
 Metaspace       used 28068K, capacity 29134K, committed 29440K, reserved 1075200K
  class space    used 3572K, capacity 3829K, committed 3840K, reserved 1048576K
Event: 5.088 GC heap after
Heap after GC invocations=6 (full 1):
 PSYoungGen      total 71680K, used 5111K [0x00000000f5580000, 0x00000000fca00000, 0x0000000100000000)
  eden space 66560K, 0% used [0x00000000f5580000,0x00000000f5580000,0x00000000f9680000)
  from space 5120K, 99% used [0x00000000f9680000,0x00000000f9b7dd18,0x00000000f9b80000)
  to   space 8704K, 0% used [0x00000000fc180000,0x00000000fc180000,0x00000000fca00000)
 ParOldGen       total 57344K, used 10168K [0x00000000e0000000, 0x00000000e3800000, 0x00000000f5580000)
  object space 57344K, 17% used [0x00000000e0000000,0x00000000e09ee300,0x00000000e3800000)
 Metaspace       used 28068K, capacity 29134K, committed 29440K, reserved 1075200K
  class space    used 3572K, capacity 3829K, committed 3840K, reserved 1048576K
}
Event: 6.910 GC heap before
{Heap before GC invocations=7 (full 1):
 PSYoungGen      total 71680K, used 71671K [0x00000000f5580000, 0x00000000fca00000, 0x0000000100000000)
  eden space 66560K, 100% used [0x00000000f5580000,0x00000000f9680000,0x00000000f9680000)
  from space 5120K, 99% used [0x00000000f9680000,0x00000000f9b7dd18,0x00000000f9b80000)
  to   space 8704K, 0% used [0x00000000fc180000,0x00000000fc180000,0x00000000fca00000)
 ParOldGen       total 57344K, used 10168K [0x00000000e0000000, 0x00000000e3800000, 0x00000000f5580000)
  object space 57344K, 17% used [0x00000000e0000000,0x00000000e09ee300,0x00000000e3800000)
 Metaspace       used 33805K, capacity 35076K, committed 35200K, reserved 1079296K
  class space    used 4414K, capacity 4661K, committed 4736K, reserved 1048576K
Event: 6.923 GC heap after
Heap after GC invocations=7 (full 1):
 PSYoungGen      total 108544K, used 8680K [0x00000000f5580000, 0x00000000fca00000, 0x0000000100000000)
  eden space 99840K, 0% used [0x00000000f5580000,0x00000000f5580000,0x00000000fb700000)
  from space 8704K, 99% used [0x00000000fc180000,0x00000000fc9fa3b0,0x00000000fca00000)
  to   space 9728K, 0% used [0x00000000fb700000,0x00000000fb700000,0x00000000fc080000)
 ParOldGen       total 57344K, used 10898K [0x00000000e0000000, 0x00000000e3800000, 0x00000000f5580000)
  object space 57344K, 19% used [0x00000000e0000000,0x00000000e0aa4ad0,0x00000000e3800000)
 Metaspace       used 33805K, capacity 35076K, committed 35200K, reserved 1079296K
  class space    used 4414K, capacity 4661K, committed 4736K, reserved 1048576K
}
Event: 7.003 GC heap before
{Heap before GC invocations=8 (full 1):
 PSYoungGen      total 108544K, used 12601K [0x00000000f5580000, 0x00000000fca00000, 0x0000000100000000)
  eden space 99840K, 3% used [0x00000000f5580000,0x00000000f59541b8,0x00000000fb700000)
  from space 8704K, 99% used [0x00000000fc180000,0x00000000fc9fa3b0,0x00000000fca00000)
  to   space 9728K, 0% used [0x00000000fb700000,0x00000000fb700000,0x00000000fc080000)
 ParOldGen       total 57344K, used 10898K [0x00000000e0000000, 0x00000000e3800000, 0x00000000f5580000)
  object space 57344K, 19% used [0x00000000e0000000,0x00000000e0aa4ad0,0x00000000e3800000)
 Metaspace       used 33964K, capacity 35212K, committed 35416K, reserved 1079296K
  class space    used 4433K, capacity 4728K, committed 4736K, reserved 1048576K
Event: 7.010 GC heap after
Heap after GC invocations=8 (full 1):
 PSYoungGen      total 109568K, used 5408K [0x00000000f5580000, 0x0000000100000000, 0x0000000100000000)
  eden space 99840K, 0% used [0x00000000f5580000,0x00000000f5580000,0x00000000fb700000)
  from space 9728K, 55% used [0x00000000fb700000,0x00000000fbc48090,0x00000000fc080000)
  to   space 10240K, 0% used [0x00000000ff600000,0x00000000ff600000,0x0000000100000000)
 ParOldGen       total 57344K, used 10906K [0x00000000e0000000, 0x00000000e3800000, 0x00000000f5580000)
  object space 57344K, 19% used [0x00000000e0000000,0x00000000e0aa6ad0,0x00000000e3800000)
 Metaspace       used 33964K, capacity 35212K, committed 35416K, reserved 1079296K
  class space    used 4433K, capacity 4728K, committed 4736K, reserved 1048576K
}
Event: 7.010 GC heap before
{Heap before GC invocations=9 (full 2):
 PSYoungGen      total 109568K, used 5408K [0x00000000f5580000, 0x0000000100000000, 0x0000000100000000)
  eden space 99840K, 0% used [0x00000000f5580000,0x00000000f5580000,0x00000000fb700000)
  from space 9728K, 55% used [0x00000000fb700000,0x00000000fbc48090,0x00000000fc080000)
  to   space 10240K, 0% used [0x00000000ff600000,0x00000000ff600000,0x0000000100000000)
 ParOldGen       total 57344K, used 10906K [0x00000000e0000000, 0x00000000e3800000, 0x00000000f5580000)
  object space 57344K, 19% used [0x00000000e0000000,0x00000000e0aa6ad0,0x00000000e3800000)
 Metaspace       used 33964K, capacity 35212K, committed 35416K, reserved 1079296K
  class space    used 4433K, capacity 4728K, committed 4736K, reserved 1048576K
Event: 7.093 GC heap after
Heap after GC invocations=9 (full 2):
 PSYoungGen      total 109568K, used 0K [0x00000000f5580000, 0x0000000100000000, 0x0000000100000000)
  eden space 99840K, 0% used [0x00000000f5580000,0x00000000f5580000,0x00000000fb700000)
  from space 9728K, 0% used [0x00000000fb700000,0x00000000fb700000,0x00000000fc080000)
  to   space 10240K, 0% used [0x00000000ff600000,0x00000000ff600000,0x0000000100000000)
 ParOldGen       total 80896K, used 9857K [0x00000000e0000000, 0x00000000e4f00000, 0x00000000f5580000)
  object space 80896K, 12% used [0x00000000e0000000,0x00000000e09a0780,0x00000000e4f00000)
 Metaspace       used 33964K, capacity 35212K, committed 35416K, reserved 1079296K
  class space    used 4433K, capacity 4728K, committed 4736K, reserved 1048576K
}

Deoptimization events (10 events):
Event: 6.258 Thread 0x000001625a748000 Uncommon trap: reason=unstable_if action=reinterpret pc=0x00000162460270a0 method=java.net.URI.match(CJJ)Z @ 45
Event: 6.336 Thread 0x000001625a748000 Uncommon trap: reason=unstable_if action=reinterpret pc=0x000001624603e4e4 method=java.util.jar.Manifest$FastInputStream.readLine([BII)I @ 87
Event: 6.364 Thread 0x000001625a748000 Uncommon trap: reason=unstable_if action=reinterpret pc=0x00000162465ac1d0 method=java.io.ByteArrayInputStream.read()I @ 8
Event: 6.816 Thread 0x000001625a748000 Uncommon trap: reason=bimorphic action=maybe_recompile pc=0x000001624613f460 method=java.net.URL.<init>(Ljava/net/URL;Ljava/lang/String;Ljava/net/URLStreamHandler;)V @ 504
Event: 6.816 Thread 0x000001625a748000 Uncommon trap: reason=unstable_if action=reinterpret pc=0x00000162461fc100 method=sun.net.util.IPAddressUtil.scan(Ljava/lang/String;JJ[C)I @ 14
Event: 6.817 Thread 0x000001625a748000 Uncommon trap: reason=unstable_if action=reinterpret pc=0x000001624613f9b4 method=sun.net.www.protocol.jar.Handler.parseURL(Ljava/net/URL;Ljava/lang/String;II)V @ 116
Event: 6.818 Thread 0x000001625a748000 Uncommon trap: reason=class_check action=maybe_recompile pc=0x00000162461795c4 method=java.util.jar.JarFile.getJarEntry(Ljava/lang/String;)Ljava/util/jar/JarEntry; @ 2
Event: 6.820 Thread 0x000001625a748000 Uncommon trap: reason=class_check action=maybe_recompile pc=0x00000162461795c4 method=java.util.jar.JarFile.getJarEntry(Ljava/lang/String;)Ljava/util/jar/JarEntry; @ 2
Event: 6.820 Thread 0x000001625a748000 Uncommon trap: reason=class_check action=maybe_recompile pc=0x00000162461795c4 method=java.util.jar.JarFile.getJarEntry(Ljava/lang/String;)Ljava/util/jar/JarEntry; @ 2
Event: 6.820 Thread 0x000001625a748000 Uncommon trap: reason=class_check action=maybe_recompile pc=0x00000162461795c4 method=java.util.jar.JarFile.getJarEntry(Ljava/lang/String;)Ljava/util/jar/JarEntry; @ 2

Classes redefined (0 events):
No events

Internal exceptions (10 events):
Event: 3.954 Thread 0x000001625a748000 Exception <a 'sun/nio/fs/WindowsException'> (0x00000000f6466640) thrown at [C:\jenkins\workspace\8-2-build-windows-amd64-cygwin\jdk8u271\605\hotspot\src\share\vm\prims\jni.cpp, line 710]
Event: 4.219 Thread 0x000001625a748000 Exception <a 'java/lang/IncompatibleClassChangeError': Found class java.lang.Object, but interface was expected> (0x00000000f6f4fd58) thrown at [C:\jenkins\workspace\8-2-build-windows-amd64-cygwin\jdk8u271\605\hotspot\src\share\vm\interpreter\linkResolver
Event: 4.227 Thread 0x000001625a748000 Exception <a 'sun/nio/fs/WindowsException'> (0x00000000f6f7f908) thrown at [C:\jenkins\workspace\8-2-build-windows-amd64-cygwin\jdk8u271\605\hotspot\src\share\vm\prims\jni.cpp, line 710]
Event: 4.239 Thread 0x000001625a748000 Exception <a 'java/lang/NoSuchMethodError': java.lang.Object.lambda$comparingInt$7b0bb60$1(Ljava/util/function/ToIntFunction;Ljava/lang/Object;Ljava/lang/Object;)I> (0x00000000f701b700) thrown at [C:\jenkins\workspace\8-2-build-windows-amd64-cygwin\jdk8u2
Event: 4.249 Thread 0x000001625a748000 Exception <a 'sun/nio/fs/WindowsException'> (0x00000000f7096138) thrown at [C:\jenkins\workspace\8-2-build-windows-amd64-cygwin\jdk8u271\605\hotspot\src\share\vm\prims\jni.cpp, line 710]
Event: 4.438 Thread 0x000001625a748000 Exception <a 'java/lang/NoSuchMethodError': java.lang.Object.lambda$maxBy$1(Ljava/util/Comparator;Ljava/lang/Object;Ljava/lang/Object;)Ljava/lang/Object;> (0x00000000f7b1b080) thrown at [C:\jenkins\workspace\8-2-build-windows-amd64-cygwin\jdk8u271\605\hot
Event: 4.890 Thread 0x000001625a748000 Exception <a 'java/lang/NoSuchMethodError': java.lang.Object.lambda$static$0(Ljava/time/Duration;)V> (0x00000000f8f8f9a8) thrown at [C:\jenkins\workspace\8-2-build-windows-amd64-cygwin\jdk8u271\605\hotspot\src\share\vm\interpreter\linkResolver.cpp, line 6
Event: 5.505 Thread 0x000001625a748000 Exception <a 'java/lang/ClassNotFoundException': java/lang/Module> (0x00000000f67d5af8) thrown at [C:\jenkins\workspace\8-2-build-windows-amd64-cygwin\jdk8u271\605\hotspot\src\share\vm\classfile\systemDictionary.cpp, line 212]
Event: 5.813 Thread 0x000001625a748000 Exception <a 'java/lang/IncompatibleClassChangeError': Found class java.lang.Object, but interface was expected> (0x00000000f74e2aa8) thrown at [C:\jenkins\workspace\8-2-build-windows-amd64-cygwin\jdk8u271\605\hotspot\src\share\vm\interpreter\linkResolver
Event: 5.815 Thread 0x000001625a748000 Exception <a 'java/lang/NoSuchMethodError': java.lang.Object.lambda$or$2(Ljava/util/function/Predicate;Ljava/lang/Object;)Z> (0x00000000f74e9d50) thrown at [C:\jenkins\workspace\8-2-build-windows-amd64-cygwin\jdk8u271\605\hotspot\src\share\vm\interpreter\

Events (10 events):
Event: 7.188 loading class org/apache/hc/core5/http/HttpException
Event: 7.188 loading class org/apache/hc/core5/http/HttpException done
Event: 7.190 loading class org/apache/hc/core5/http/Header
Event: 7.190 loading class org/apache/hc/core5/http/Header done
Event: 7.191 loading class org/apache/hc/core5/http/NameValuePair
Event: 7.191 loading class org/apache/hc/core5/http/NameValuePair done
Event: 7.193 loading class org/apache/hc/core5/http/message/TokenParser
Event: 7.193 loading class org/apache/hc/core5/http/message/TokenParser done
Event: 7.194 loading class org/apache/hc/core5/http/impl/io/DefaultClassicHttpResponseFactory
Event: 7.194 loading class org/apache/hc/core5/http/impl/io/DefaultClassicHttpResponseFactory done


Dynamic libraries:
0x00007ff7dbfb0000 - 0x00007ff7dbff7000 	C:\Program Files\Java\jdk1.8.0_271\bin\java.exe
0x00007ff8ecdd0000 - 0x00007ff8ecfc5000 	C:\WINDOWS\SYSTEM32\ntdll.dll
0x00007ff8b8b60000 - 0x00007ff8b8b73000 	C:\Program Files\AVAST Software\Avast\aswhook.dll
0x00007ff8ec890000 - 0x00007ff8ec94d000 	C:\WINDOWS\System32\KERNEL32.DLL
0x00007ff8eab00000 - 0x00007ff8eadc8000 	C:\WINDOWS\System32\KERNELBASE.dll
0x00007ff8ec570000 - 0x00007ff8ec61c000 	C:\WINDOWS\System32\ADVAPI32.dll
0x00007ff8eb5b0000 - 0x00007ff8eb64e000 	C:\WINDOWS\System32\msvcrt.dll
0x00007ff8eca80000 - 0x00007ff8ecb1b000 	C:\WINDOWS\System32\sechost.dll
0x00007ff8ec950000 - 0x00007ff8eca7b000 	C:\WINDOWS\System32\RPCRT4.dll
0x00007ff8ec3b0000 - 0x00007ff8ec550000 	C:\WINDOWS\System32\USER32.dll
0x00007ff8ea860000 - 0x00007ff8ea882000 	C:\WINDOWS\System32\win32u.dll
0x00007ff8eae30000 - 0x00007ff8eae5a000 	C:\WINDOWS\System32\GDI32.dll
0x00007ff8ea890000 - 0x00007ff8ea99b000 	C:\WINDOWS\System32\gdi32full.dll
0x00007ff8ea610000 - 0x00007ff8ea6ad000 	C:\WINDOWS\System32\msvcp_win.dll
0x00007ff8ea510000 - 0x00007ff8ea610000 	C:\WINDOWS\System32\ucrtbase.dll
0x00007ff8df060000 - 0x00007ff8df2fa000 	C:\WINDOWS\WinSxS\amd64_microsoft.windows.common-controls_6595b64144ccf1df_6.0.19041.844_none_ca00b6081b84eb1d\COMCTL32.dll
0x00007ff8eb6b0000 - 0x00007ff8eb6e0000 	C:\WINDOWS\System32\IMM32.DLL
0x00007ff8e0400000 - 0x00007ff8e0415000 	C:\Program Files\Java\jdk1.8.0_271\jre\bin\vcruntime140.dll
0x00007ff8a15b0000 - 0x00007ff8a164b000 	C:\Program Files\Java\jdk1.8.0_271\jre\bin\msvcp140.dll
0x000000006da90000 - 0x000000006e2ff000 	C:\Program Files\Java\jdk1.8.0_271\jre\bin\server\jvm.dll
0x00007ff8ec760000 - 0x00007ff8ec768000 	C:\WINDOWS\System32\PSAPI.DLL
0x00007ff8e5830000 - 0x00007ff8e583a000 	C:\WINDOWS\SYSTEM32\VERSION.dll
0x00007ff8db190000 - 0x00007ff8db199000 	C:\WINDOWS\SYSTEM32\WSOCK32.dll
0x00007ff8e2c10000 - 0x00007ff8e2c37000 	C:\WINDOWS\SYSTEM32\WINMM.dll
0x00007ff8ec770000 - 0x00007ff8ec7db000 	C:\WINDOWS\System32\WS2_32.dll
0x00007ff8e8450000 - 0x00007ff8e8462000 	C:\WINDOWS\SYSTEM32\kernel.appcore.dll
0x00007ff8e7e30000 - 0x00007ff8e7e40000 	C:\Program Files\Java\jdk1.8.0_271\jre\bin\verify.dll
0x00007ff8e01e0000 - 0x00007ff8e020b000 	C:\Program Files\Java\jdk1.8.0_271\jre\bin\java.dll
0x00007ff8dc4c0000 - 0x00007ff8dc4d8000 	C:\Program Files\Java\jdk1.8.0_271\jre\bin\zip.dll
0x00007ff8eba40000 - 0x00007ff8ec182000 	C:\WINDOWS\System32\SHELL32.dll
0x00007ff8e8650000 - 0x00007ff8e8de1000 	C:\WINDOWS\SYSTEM32\windows.storage.dll
0x00007ff8eb6e0000 - 0x00007ff8eba35000 	C:\WINDOWS\System32\combase.dll
0x00007ff8e9eb0000 - 0x00007ff8e9edc000 	C:\WINDOWS\SYSTEM32\Wldp.dll
0x00007ff8eb470000 - 0x00007ff8eb51e000 	C:\WINDOWS\System32\SHCORE.dll
0x00007ff8eccd0000 - 0x00007ff8ecd25000 	C:\WINDOWS\System32\shlwapi.dll
0x00007ff8ea450000 - 0x00007ff8ea46f000 	C:\WINDOWS\SYSTEM32\profapi.dll
0x00007ff8d3630000 - 0x00007ff8d364c000 	C:\Program Files\Java\jdk1.8.0_271\jre\bin\net.dll
0x00007ff8e9c20000 - 0x00007ff8e9c8a000 	C:\WINDOWS\system32\mswsock.dll
0x00007ff8c4930000 - 0x00007ff8c4943000 	C:\Program Files\Java\jdk1.8.0_271\jre\bin\nio.dll
0x00007ff8e9df0000 - 0x00007ff8e9e08000 	C:\WINDOWS\SYSTEM32\CRYPTSP.dll
0x00007ff8e95c0000 - 0x00007ff8e95f4000 	C:\WINDOWS\system32\rsaenh.dll
0x00007ff8ea6b0000 - 0x00007ff8ea6d7000 	C:\WINDOWS\System32\bcrypt.dll
0x00007ff8ea3d0000 - 0x00007ff8ea3fe000 	C:\WINDOWS\SYSTEM32\USERENV.dll
0x00007ff8ea790000 - 0x00007ff8ea810000 	C:\WINDOWS\System32\bcryptprimitives.dll
0x00007ff8e9e10000 - 0x00007ff8e9e1c000 	C:\WINDOWS\SYSTEM32\CRYPTBASE.dll
0x00007ff8e9910000 - 0x00007ff8e994b000 	C:\WINDOWS\SYSTEM32\IPHLPAPI.DLL
0x00007ff8ec620000 - 0x00007ff8ec628000 	C:\WINDOWS\System32\NSI.dll
0x00007ff8e34f0000 - 0x00007ff8e3507000 	C:\WINDOWS\SYSTEM32\dhcpcsvc6.DLL
0x00007ff8e3a40000 - 0x00007ff8e3a5d000 	C:\WINDOWS\SYSTEM32\dhcpcsvc.DLL
0x00007ff8e9950000 - 0x00007ff8e9a1c000 	C:\WINDOWS\SYSTEM32\DNSAPI.dll
0x00007ff8dc210000 - 0x00007ff8dc234000 	C:\Program Files\Java\jdk1.8.0_271\jre\bin\sunec.dll

VM Arguments:
jvm_args: -Dawt.toolkit=sun.awt.windows.WToolkit -Dfile.encoding.pkg=sun.io -Dfile.separator=\ -Djava.awt.graphicsenv=sun.awt.Win32GraphicsEnvironment -Djava.awt.printerjob=sun.awt.windows.WPrinterJob -Djava.class.version=52.0 -Djava.endorsed.dirs=C:\Program Files\Java\jdk1.8.0_271\jre\lib\endorsed -Djava.ext.dirs=C:\Program Files\Java\jdk1.8.0_271\jre\lib\ext;C:\WINDOWS\Sun\Java\lib\ext -Djava.home=C:\Program Files\Java\jdk1.8.0_271\jre -Djava.library.path=C:\Program Files\Java\jdk1.8.0_271\bin;C:\WINDOWS\Sun\Java\bin;C:\WINDOWS\system32;C:\WINDOWS;C:/Program Files/Java/jdk1.8.0_271/bin/../jre/bin/server;C:/Program Files/Java/jdk1.8.0_271/bin/../jre/bin;C:/Program Files/Java/jdk1.8.0_271/bin/../jre/lib/amd64;C:\Program Files (x86)\Common Files\Oracle\Java\javapath;C:\WINDOWS\system32;C:\WINDOWS;C:\WINDOWS\System32\Wbem;C:\WINDOWS\System32\WindowsPowerShell\v1.0\;C:\WINDOWS\System32\OpenSSH\;C:\Android;C:\Windows\System32;C:\Program Files\gradle-6.0.1\bin;C:\Program Files\Java\jdk1.8.0_271\bin;C:\Users\manoj\chrome driver;C:\Program Files (x86)\Jenkins;D:\IT Softwares\devops cicd\apache-tomcat-9.0.34\bin;C:\Program Files\apache-maven-3.6.3\bin;C:\Program Files\nodejs\;C:\Program Files\Git\cmd;C:\Users\manoj\AppData\Local\Android\Sdk\platform-tools;C:\Users\manoj\AppData\Local\Microsoft\WindowsApps;C:\Program Files\JetBrains\PyCharm Community Edition 2020.2.1\bin;;C:\Users\manoj\AppData\Local\Programs\Microsoft VS Code\bin;C:\Users\manoj\AppData\Roaming\npm;C:\Program Files\Java\jdk1.8.0_271\bin;;C:\Users\manoj\OneDrive\???????????;;. -Djava.runtime.name=Java(TM) SE Runtime Environment -Djava.runtime.version=1.8.0_271-b09 -Djava.security.manager=worker.org.gradle.process.internal.worker.child.BootstrapSecurityManager -Djava.specification.name=Java Platform API Specification -Djava.specification.vendor=Oracle Corporation -Djava.specification.version=1.8 -Djava.vendor=Oracle Corporation -Djava.vendor.url=http://java.oracle.com/ -Djava.vendor.url.bug=http://bugreport.sun.com/bugreport/ -Djava.version=1.8.0_271 -Djava.vm.info=mixed mode -Djava.vm.name=Java HotSpot(TM) 64-Bit Server VM -Djava.vm.specification.name=Java Virtual Machine Specification -Djava.vm.specification.vendor=Oracle Corporation -Djava.vm.specification.version=1.8 -Djava.vm.vendor=Oracle Corporation -Djava.vm.version=25.271-b09 -Dlibrary.jansi.path=C:\Users\manoj\.gradle\native\jansi\1.17.1\windows64 -Dline.separator=
 -Dorg.gradle.appname=gradle -Dorg.gradle.native=false -Dos.arch=amd64 -Dos.name=Windows 10 -Dos.version=10.0 -Dpath.separator=; -Dproject.build.directory=C:\Users\manoj\Eclipse Workspace\eclipse 2019\QA_Backbase -Dsun.arch.data.model=64 -Dsun.boot.class.path=C:\Program Files\Java\jdk1.8.0_271\jre\lib\resources.jar;C:\Program Files\Java\jdk1.8.0_271\jre\lib\rt.jar;C:\Program Files\Java\jdk1.8.0_271\jre\lib\sunrsasign.jar;C:\Program Files\Java\jdk1.8.0_271\jre\lib\jsse.jar;C:\Program Files\Java\jdk1.8.0_271\jre\lib\jce.jar;C:\Program Files\Java\jdk1.8.0_271\jre\lib\charsets.jar;C:\Program Files\Java\jdk1.8.0_271\jre\lib\jfr.jar;C:\Program Files\Java\jdk1.8.0_271\jre\classes -Dsun.boot.library.path=C:\Program Files\Java\jdk1.8.0_271\jre\bin -Dsun.cpu.endian=little -Dsun.cpu.isalist=amd64 -Dsun.desktop=windows -Dsun.io.unicode.encoding=UnicodeLittle -Dsun.jnu.encoding=Cp1252 -Dsun.management.compiler=HotSpot 64-Bit Tiered Compilers -Dsun.os.patch.level -Duser.dir=C:\Users\manoj\Eclipse Workspace\eclipse 2019\QA_Backbase -Duser.home=C:\Users\manoj -Duser.name=manoj -Duser.script -Duser.timezone -Xmx512m -Dfile.encoding=Cp1252 -Djava.io.tmpdir=C:\Users\manoj\AppData\Local\Temp\ -Duser.country=IN -Duser.language=en -Duser.variant -ea 
java_command: worker.org.gradle.process.internal.worker.GradleWorkerMain 'Gradle Test Executor 5'
java_class_path (initial): C:\Users\manoj\.gradle\caches\5.5\workerMain\gradle-worker.jar
Launcher Type: SUN_STANDARD

Environment Variables:
JAVA_HOME=C:\Program Files\Java\jdk1.8.0_271
CLASSPATH=C:\Program Files\gradle-5.5\bin\..\lib\gradle-launcher-5.5.jar
PATH=C:\Program Files (x86)\Common Files\Oracle\Java\javapath;C:\WINDOWS\system32;C:\WINDOWS;C:\WINDOWS\System32\Wbem;C:\WINDOWS\System32\WindowsPowerShell\v1.0\;C:\WINDOWS\System32\OpenSSH\;C:\Android;C:\Windows\System32;C:\Program Files\gradle-5.5\bin;C:\Program Files\Java\jdk1.8.0_271\bin;C:\Users\manoj\chrome driver;C:\Program Files (x86)\Jenkins;D:\IT Softwares\devops cicd\apache-tomcat-9.0.34\bin;C:\Program Files\apache-maven-3.6.3\bin;C:\Program Files\nodejs\;C:\Program Files\Git\cmd;C:\Users\manoj\AppData\Local\Android\Sdk\platform-tools;C:\Users\manoj\AppData\Local\Microsoft\WindowsApps;C:\Program Files\JetBrains\PyCharm Community Edition 2020.2.1\bin;C:\Users\manoj\AppData\Local\Programs\Microsoft VS Code\bin;C:\Users\manoj\AppData\Roaming\npm
USERNAME=manoj
OS=Windows_NT
PROCESSOR_IDENTIFIER=Intel64 Family 6 Model 142 Stepping 10, GenuineIntel



---------------  S Y S T E M  ---------------

OS: Windows 10.0 , 64 bit Build 19041 (10.0.19041.928)

CPU:total 8 (initial active 8) (4 cores per cpu, 2 threads per core) family 6 model 142 stepping 10, cmov, cx8, fxsr, mmx, sse, sse2, sse3, ssse3, sse4.1, sse4.2, popcnt, avx, avx2, aes, clmul, erms, 3dnowpref, lzcnt, ht, tsc, tscinvbit, bmi1, bmi2, adx

Memory: 4k page, physical 8261220k(468364k free), swap 14405220k(8844k free)

vm_info: Java HotSpot(TM) 64-Bit Server VM (25.271-b09) for windows-amd64 JRE (1.8.0_271-b09), built on Sep 16 2020 19:14:59 by "" with MS VC++ 15.9 (VS2017)

time: Fri May 14 19:55:48 2021
timezone: India Standard Time
elapsed time: 7.237135 seconds (0d 0h 0m 7s)

